21:45:54 **** Incremental Build of configuration Debug for project STM32F4_HAL_RTC_TIMESTAMP ****
Info: Internal Builder is used for build
arm-atollic-eabi-gcc -c -mthumb -mcpu=cortex-m4 -mfloat-abi=hard -mfpu=fpv4-sp-d16 -std=gnu11 -D__weak=__attribute__((weak)) -D__packed=__attribute__((__packed__)) -DUSE_HAL_DRIVER -DSTM32F407xx -I../Inc -I../Drivers/STM32F4xx_HAL_Driver/Inc -I../Drivers/STM32F4xx_HAL_Driver/Inc/Legacy -I../Drivers/CMSIS/Device/ST/STM32F4xx/Include -I../Drivers/CMSIS/Include -O0 -ffunction-sections -fdata-sections -g -fstack-usage -Wall -specs=nano.specs -o Src\main.o ..\Src\main.c 
..\Src\main.c: In function 'HAL_RTCEx_TimeStampEventCallback':
..\Src\main.c:74:25: warning: passing argument 1 of 'HAL_RTCEx_GetTimeStamp' from incompatible pointer type [-Wincompatible-pointer-types]
  HAL_RTCEx_GetTimeStamp(&hrtc, &stampTime, &stampDate, RTC_FORMAT_BCD);
                         ^
In file included from ../Drivers/STM32F4xx_HAL_Driver/Inc/stm32f4xx_hal_rtc.h:634:0,
                 from ../Inc/stm32f4xx_hal_conf.h:349,
                 from ../Drivers/STM32F4xx_HAL_Driver/Inc/stm32f4xx_hal.h:46,
                 from ..\Src\main.c:41:
../Drivers/STM32F4xx_HAL_Driver/Inc/stm32f4xx_hal_rtc_ex.h:827:19: note: expected 'RTC_HandleTypeDef * {aka struct <anonymous> *}' but argument is of type 'RTC_HandleTypeDef ** {aka struct <anonymous> **}'
 HAL_StatusTypeDef HAL_RTCEx_GetTimeStamp(RTC_HandleTypeDef *hrtc, RTC_TimeTypeDef *sTimeStamp, RTC_DateTypeDef *sTimeStampDate, uint32_t Format);
                   ^~~~~~~~~~~~~~~~~~~~~~
arm-atollic-eabi-gcc -o STM32F4_HAL_RTC_TIMESTAMP.elf Drivers\STM32F4xx_HAL_Driver\Src\stm32f4xx_hal.o Drivers\STM32F4xx_HAL_Driver\Src\stm32f4xx_hal_cortex.o Drivers\STM32F4xx_HAL_Driver\Src\stm32f4xx_hal_dma.o Drivers\STM32F4xx_HAL_Driver\Src\stm32f4xx_hal_dma_ex.o Drivers\STM32F4xx_HAL_Driver\Src\stm32f4xx_hal_flash.o Drivers\STM32F4xx_HAL_Driver\Src\stm32f4xx_hal_flash_ex.o Drivers\STM32F4xx_HAL_Driver\Src\stm32f4xx_hal_flash_ramfunc.o Drivers\STM32F4xx_HAL_Driver\Src\stm32f4xx_hal_gpio.o Drivers\STM32F4xx_HAL_Driver\Src\stm32f4xx_hal_pwr.o Drivers\STM32F4xx_HAL_Driver\Src\stm32f4xx_hal_pwr_ex.o Drivers\STM32F4xx_HAL_Driver\Src\stm32f4xx_hal_rcc.o Drivers\STM32F4xx_HAL_Driver\Src\stm32f4xx_hal_rcc_ex.o Drivers\STM32F4xx_HAL_Driver\Src\stm32f4xx_hal_rtc.o Drivers\STM32F4xx_HAL_Driver\Src\stm32f4xx_hal_rtc_ex.o Drivers\STM32F4xx_HAL_Driver\Src\stm32f4xx_hal_tim.o Drivers\STM32F4xx_HAL_Driver\Src\stm32f4xx_hal_tim_ex.o Src\main.o Src\stm32f4xx_hal_msp.o Src\stm32f4xx_it.o Src\system_stm32f4xx.o startup\startup_stm32f407xx.o -mthumb -mcpu=cortex-m4 -mfloat-abi=hard -mfpu=fpv4-sp-d16 -T../STM32F407VG_FLASH.ld -specs=nosys.specs -static -Wl,-Map=STM32F4_HAL_RTC_TIMESTAMP.map -Wl,--gc-sections -Wl,--defsym=malloc_getpagesize_P=0x80 -Wl,--start-group -lc -lm -Wl,--end-group -specs=nano.specs 
C:\Program Files (x86)\Atollic\TrueSTUDIO for STM32 9.2.0\ide\jre\bin\java -jar C:\Program Files (x86)\Atollic\TrueSTUDIO for STM32 9.2.0\Tools\arm-atollic-reports.jar sizeinfo list STM32F4_HAL_RTC_TIMESTAMP.elf 
Generate build reports...
Print size information
   text	   data	    bss	    dec	    hex	filename
   8456	     20	   1648	  10124	   278c	STM32F4_HAL_RTC_TIMESTAMP.elf
Print size information done
Generate listing file
Output sent to: STM32F4_HAL_RTC_TIMESTAMP.list
Generate listing file done
Generate build reports done
arm-atollic-eabi-objcopy.exe -O ihex STM32F4_HAL_RTC_TIMESTAMP.elf STM32F4_HAL_RTC_TIMESTAMP.hex 
Info: Nothing to build for STM32F4_HAL_RTC_TIMESTAMP
21:48:37 **** Incremental Build of configuration Debug for project STM32F4_HAL_RTC_TIMESTAMP ****
Info: Internal Builder is used for build
arm-atollic-eabi-gcc -c -mthumb -mcpu=cortex-m4 -mfloat-abi=hard -mfpu=fpv4-sp-d16 -std=gnu11 -D__weak=__attribute__((weak)) -D__packed=__attribute__((__packed__)) -DUSE_HAL_DRIVER -DSTM32F407xx -I../Inc -I../Drivers/STM32F4xx_HAL_Driver/Inc -I../Drivers/STM32F4xx_HAL_Driver/Inc/Legacy -I../Drivers/CMSIS/Device/ST/STM32F4xx/Include -I../Drivers/CMSIS/Include -O0 -ffunction-sections -fdata-sections -g -fstack-usage -Wall -specs=nano.specs -o Src\main.o ..\Src\main.c 
..\Src\main.c: In function 'HAL_RTCEx_TimeStampEventCallback':
..\Src\main.c:74:25: warning: passing argument 1 of 'HAL_RTCEx_GetTimeStamp' from incompatible pointer type [-Wincompatible-pointer-types]
  HAL_RTCEx_GetTimeStamp(&hrtc, &stampTime, &stampDate, RTC_FORMAT_BCD);
                         ^
In file included from ../Drivers/STM32F4xx_HAL_Driver/Inc/stm32f4xx_hal_rtc.h:634:0,
                 from ../Inc/stm32f4xx_hal_conf.h:349,
                 from ../Drivers/STM32F4xx_HAL_Driver/Inc/stm32f4xx_hal.h:46,
                 from ..\Src\main.c:41:
../Drivers/STM32F4xx_HAL_Driver/Inc/stm32f4xx_hal_rtc_ex.h:827:19: note: expected 'RTC_HandleTypeDef * {aka struct <anonymous> *}' but argument is of type 'RTC_HandleTypeDef ** {aka struct <anonymous> **}'
 HAL_StatusTypeDef HAL_RTCEx_GetTimeStamp(RTC_HandleTypeDef *hrtc, RTC_TimeTypeDef *sTimeStamp, RTC_DateTypeDef *sTimeStampDate, uint32_t Format);
                   ^~~~~~~~~~~~~~~~~~~~~~
arm-atollic-eabi-gcc -o STM32F4_HAL_RTC_TIMESTAMP.elf Drivers\STM32F4xx_HAL_Driver\Src\stm32f4xx_hal.o Drivers\STM32F4xx_HAL_Driver\Src\stm32f4xx_hal_cortex.o Drivers\STM32F4xx_HAL_Driver\Src\stm32f4xx_hal_dma.o Drivers\STM32F4xx_HAL_Driver\Src\stm32f4xx_hal_dma_ex.o Drivers\STM32F4xx_HAL_Driver\Src\stm32f4xx_hal_flash.o Drivers\STM32F4xx_HAL_Driver\Src\stm32f4xx_hal_flash_ex.o Drivers\STM32F4xx_HAL_Driver\Src\stm32f4xx_hal_flash_ramfunc.o Drivers\STM32F4xx_HAL_Driver\Src\stm32f4xx_hal_gpio.o Drivers\STM32F4xx_HAL_Driver\Src\stm32f4xx_hal_pwr.o Drivers\STM32F4xx_HAL_Driver\Src\stm32f4xx_hal_pwr_ex.o Drivers\STM32F4xx_HAL_Driver\Src\stm32f4xx_hal_rcc.o Drivers\STM32F4xx_HAL_Driver\Src\stm32f4xx_hal_rcc_ex.o Drivers\STM32F4xx_HAL_Driver\Src\stm32f4xx_hal_rtc.o Drivers\STM32F4xx_HAL_Driver\Src\stm32f4xx_hal_rtc_ex.o Drivers\STM32F4xx_HAL_Driver\Src\stm32f4xx_hal_tim.o Drivers\STM32F4xx_HAL_Driver\Src\stm32f4xx_hal_tim_ex.o Src\main.o Src\stm32f4xx_hal_msp.o Src\stm32f4xx_it.o Src\system_stm32f4xx.o startup\startup_stm32f407xx.o -mthumb -mcpu=cortex-m4 -mfloat-abi=hard -mfpu=fpv4-sp-d16 -T../STM32F407VG_FLASH.ld -specs=nosys.specs -static -Wl,-Map=STM32F4_HAL_RTC_TIMESTAMP.map -Wl,--gc-sections -Wl,--defsym=malloc_getpagesize_P=0x80 -Wl,--start-group -lc -lm -Wl,--end-group -specs=nano.specs 
C:\Program Files (x86)\Atollic\TrueSTUDIO for STM32 9.2.0\ide\jre\bin\java -jar C:\Program Files (x86)\Atollic\TrueSTUDIO for STM32 9.2.0\Tools\arm-atollic-reports.jar sizeinfo list STM32F4_HAL_RTC_TIMESTAMP.elf 
Generate build reports...
Print size information
   text	   data	    bss	    dec	    hex	filename
   8456	     20	   1648	  10124	   278c	STM32F4_HAL_RTC_TIMESTAMP.elf
Print size information done
Generate listing file
Output sent to: STM32F4_HAL_RTC_TIMESTAMP.list
Generate listing file done
Generate build reports done
arm-atollic-eabi-objcopy.exe -O ihex STM32F4_HAL_RTC_TIMESTAMP.elf STM32F4_HAL_RTC_TIMESTAMP.hex 
21:55:47 **** Incremental Build of configuration Debug for project STM32F4_HAL_RTC_TIMESTAMP ****
Info: Internal Builder is used for build
arm-atollic-eabi-gcc -c -mthumb -mcpu=cortex-m4 -mfloat-abi=hard -mfpu=fpv4-sp-d16 -std=gnu11 -D__weak=__attribute__((weak)) -D__packed=__attribute__((__packed__)) -DUSE_HAL_DRIVER -DSTM32F407xx -I../Inc -I../Drivers/STM32F4xx_HAL_Driver/Inc -I../Drivers/STM32F4xx_HAL_Driver/Inc/Legacy -I../Drivers/CMSIS/Device/ST/STM32F4xx/Include -I../Drivers/CMSIS/Include -O0 -ffunction-sections -fdata-sections -g -fstack-usage -Wall -specs=nano.specs -o Src\main.o ..\Src\main.c 
..\Src\main.c: In function 'HAL_RTCEx_TimeStampEventCallback':
..\Src\main.c:74:25: warning: passing argument 1 of 'HAL_RTCEx_GetTimeStamp' from incompatible pointer type [-Wincompatible-pointer-types]
  HAL_RTCEx_GetTimeStamp(&hrtc, &stampTime, &stampDate, RTC_FORMAT_BCD);
                         ^
In file included from ../Drivers/STM32F4xx_HAL_Driver/Inc/stm32f4xx_hal_rtc.h:634:0,
                 from ../Inc/stm32f4xx_hal_conf.h:349,
                 from ../Drivers/STM32F4xx_HAL_Driver/Inc/stm32f4xx_hal.h:46,
                 from ..\Src\main.c:41:
../Drivers/STM32F4xx_HAL_Driver/Inc/stm32f4xx_hal_rtc_ex.h:827:19: note: expected 'RTC_HandleTypeDef * {aka struct <anonymous> *}' but argument is of type 'RTC_HandleTypeDef ** {aka struct <anonymous> **}'
 HAL_StatusTypeDef HAL_RTCEx_GetTimeStamp(RTC_HandleTypeDef *hrtc, RTC_TimeTypeDef *sTimeStamp, RTC_DateTypeDef *sTimeStampDate, uint32_t Format);
                   ^~~~~~~~~~~~~~~~~~~~~~
arm-atollic-eabi-gcc -o STM32F4_HAL_RTC_TIMESTAMP.elf Drivers\STM32F4xx_HAL_Driver\Src\stm32f4xx_hal.o Drivers\STM32F4xx_HAL_Driver\Src\stm32f4xx_hal_cortex.o Drivers\STM32F4xx_HAL_Driver\Src\stm32f4xx_hal_dma.o Drivers\STM32F4xx_HAL_Driver\Src\stm32f4xx_hal_dma_ex.o Drivers\STM32F4xx_HAL_Driver\Src\stm32f4xx_hal_flash.o Drivers\STM32F4xx_HAL_Driver\Src\stm32f4xx_hal_flash_ex.o Drivers\STM32F4xx_HAL_Driver\Src\stm32f4xx_hal_flash_ramfunc.o Drivers\STM32F4xx_HAL_Driver\Src\stm32f4xx_hal_gpio.o Drivers\STM32F4xx_HAL_Driver\Src\stm32f4xx_hal_pwr.o Drivers\STM32F4xx_HAL_Driver\Src\stm32f4xx_hal_pwr_ex.o Drivers\STM32F4xx_HAL_Driver\Src\stm32f4xx_hal_rcc.o Drivers\STM32F4xx_HAL_Driver\Src\stm32f4xx_hal_rcc_ex.o Drivers\STM32F4xx_HAL_Driver\Src\stm32f4xx_hal_rtc.o Drivers\STM32F4xx_HAL_Driver\Src\stm32f4xx_hal_rtc_ex.o Drivers\STM32F4xx_HAL_Driver\Src\stm32f4xx_hal_tim.o Drivers\STM32F4xx_HAL_Driver\Src\stm32f4xx_hal_tim_ex.o Src\main.o Src\stm32f4xx_hal_msp.o Src\stm32f4xx_it.o Src\system_stm32f4xx.o startup\startup_stm32f407xx.o -mthumb -mcpu=cortex-m4 -mfloat-abi=hard -mfpu=fpv4-sp-d16 -T../STM32F407VG_FLASH.ld -specs=nosys.specs -static -Wl,-Map=STM32F4_HAL_RTC_TIMESTAMP.map -Wl,--gc-sections -Wl,--defsym=malloc_getpagesize_P=0x80 -Wl,--start-group -lc -lm -Wl,--end-group -specs=nano.specs 
C:\Program Files (x86)\Atollic\TrueSTUDIO for STM32 9.2.0\ide\jre\bin\java -jar C:\Program Files (x86)\Atollic\TrueSTUDIO for STM32 9.2.0\Tools\arm-atollic-reports.jar sizeinfo list STM32F4_HAL_RTC_TIMESTAMP.elf 
Generate build reports...
Print size information
   text	   data	    bss	    dec	    hex	filename
   8456	     20	   1648	  10124	   278c	STM32F4_HAL_RTC_TIMESTAMP.elf
Print size information done
Generate listing file
Output sent to: STM32F4_HAL_RTC_TIMESTAMP.list
Generate listing file done
Generate build reports done
arm-atollic-eabi-objcopy.exe -O ihex STM32F4_HAL_RTC_TIMESTAMP.elf STM32F4_HAL_RTC_TIMESTAMP.hex 
22:02:38 **** Incremental Build of configuration Debug for project STM32F4_HAL_RTC_TIMESTAMP ****
Info: Internal Builder is used for build
arm-atollic-eabi-gcc -c -mthumb -mcpu=cortex-m4 -mfloat-abi=hard -mfpu=fpv4-sp-d16 -std=gnu11 -D__weak=__attribute__((weak)) -D__packed=__attribute__((__packed__)) -DUSE_HAL_DRIVER -DSTM32F407xx -I../Inc -I../Drivers/STM32F4xx_HAL_Driver/Inc -I../Drivers/STM32F4xx_HAL_Driver/Inc/Legacy -I../Drivers/CMSIS/Device/ST/STM32F4xx/Include -I../Drivers/CMSIS/Include -O0 -ffunction-sections -fdata-sections -g -fstack-usage -Wall -specs=nano.specs -o Src\main.o ..\Src\main.c 
..\Src\main.c: In function 'HAL_RTCEx_TimeStampEventCallback':
..\Src\main.c:74:25: warning: passing argument 1 of 'HAL_RTCEx_GetTimeStamp' from incompatible pointer type [-Wincompatible-pointer-types]
  HAL_RTCEx_GetTimeStamp(&hrtc, &stampTime, &stampDate, RTC_FORMAT_BIN);
                         ^
In file included from ../Drivers/STM32F4xx_HAL_Driver/Inc/stm32f4xx_hal_rtc.h:634:0,
                 from ../Inc/stm32f4xx_hal_conf.h:349,
                 from ../Drivers/STM32F4xx_HAL_Driver/Inc/stm32f4xx_hal.h:46,
                 from ..\Src\main.c:41:
../Drivers/STM32F4xx_HAL_Driver/Inc/stm32f4xx_hal_rtc_ex.h:827:19: note: expected 'RTC_HandleTypeDef * {aka struct <anonymous> *}' but argument is of type 'RTC_HandleTypeDef ** {aka struct <anonymous> **}'
 HAL_StatusTypeDef HAL_RTCEx_GetTimeStamp(RTC_HandleTypeDef *hrtc, RTC_TimeTypeDef *sTimeStamp, RTC_DateTypeDef *sTimeStampDate, uint32_t Format);
                   ^~~~~~~~~~~~~~~~~~~~~~
arm-atollic-eabi-gcc -o STM32F4_HAL_RTC_TIMESTAMP.elf Drivers\STM32F4xx_HAL_Driver\Src\stm32f4xx_hal.o Drivers\STM32F4xx_HAL_Driver\Src\stm32f4xx_hal_cortex.o Drivers\STM32F4xx_HAL_Driver\Src\stm32f4xx_hal_dma.o Drivers\STM32F4xx_HAL_Driver\Src\stm32f4xx_hal_dma_ex.o Drivers\STM32F4xx_HAL_Driver\Src\stm32f4xx_hal_flash.o Drivers\STM32F4xx_HAL_Driver\Src\stm32f4xx_hal_flash_ex.o Drivers\STM32F4xx_HAL_Driver\Src\stm32f4xx_hal_flash_ramfunc.o Drivers\STM32F4xx_HAL_Driver\Src\stm32f4xx_hal_gpio.o Drivers\STM32F4xx_HAL_Driver\Src\stm32f4xx_hal_pwr.o Drivers\STM32F4xx_HAL_Driver\Src\stm32f4xx_hal_pwr_ex.o Drivers\STM32F4xx_HAL_Driver\Src\stm32f4xx_hal_rcc.o Drivers\STM32F4xx_HAL_Driver\Src\stm32f4xx_hal_rcc_ex.o Drivers\STM32F4xx_HAL_Driver\Src\stm32f4xx_hal_rtc.o Drivers\STM32F4xx_HAL_Driver\Src\stm32f4xx_hal_rtc_ex.o Drivers\STM32F4xx_HAL_Driver\Src\stm32f4xx_hal_tim.o Drivers\STM32F4xx_HAL_Driver\Src\stm32f4xx_hal_tim_ex.o Src\main.o Src\stm32f4xx_hal_msp.o Src\stm32f4xx_it.o Src\system_stm32f4xx.o startup\startup_stm32f407xx.o -mthumb -mcpu=cortex-m4 -mfloat-abi=hard -mfpu=fpv4-sp-d16 -T../STM32F407VG_FLASH.ld -specs=nosys.specs -static -Wl,-Map=STM32F4_HAL_RTC_TIMESTAMP.map -Wl,--gc-sections -Wl,--defsym=malloc_getpagesize_P=0x80 -Wl,--start-group -lc -lm -Wl,--end-group -specs=nano.specs 
C:\Program Files (x86)\Atollic\TrueSTUDIO for STM32 9.2.0\ide\jre\bin\java -jar C:\Program Files (x86)\Atollic\TrueSTUDIO for STM32 9.2.0\Tools\arm-atollic-reports.jar sizeinfo list STM32F4_HAL_RTC_TIMESTAMP.elf 
Generate build reports...
Print size information
   text	   data	    bss	    dec	    hex	filename
   8456	     20	   1648	  10124	   278c	STM32F4_HAL_RTC_TIMESTAMP.elf
Print size information done
Generate listing file
Output sent to: STM32F4_HAL_RTC_TIMESTAMP.list
Generate listing file done
Generate build reports done
arm-atollic-eabi-objcopy.exe -O ihex STM32F4_HAL_RTC_TIMESTAMP.elf STM32F4_HAL_RTC_TIMESTAMP.hex 
22:05:52 **** Incremental Build of configuration Debug for project STM32F4_HAL_RTC_TIMESTAMP ****
Info: Internal Builder is used for build
arm-atollic-eabi-gcc -c -mthumb -mcpu=cortex-m4 -mfloat-abi=hard -mfpu=fpv4-sp-d16 -std=gnu11 -D__weak=__attribute__((weak)) -D__packed=__attribute__((__packed__)) -DUSE_HAL_DRIVER -DSTM32F407xx -I../Inc -I../Drivers/STM32F4xx_HAL_Driver/Inc -I../Drivers/STM32F4xx_HAL_Driver/Inc/Legacy -I../Drivers/CMSIS/Device/ST/STM32F4xx/Include -I../Drivers/CMSIS/Include -O0 -ffunction-sections -fdata-sections -g -fstack-usage -Wall -specs=nano.specs -o Src\main.o ..\Src\main.c 
..\Src\main.c: In function 'HAL_RTCEx_TimeStampEventCallback':
..\Src\main.c:74:25: warning: passing argument 1 of 'HAL_RTCEx_GetTimeStamp' from incompatible pointer type [-Wincompatible-pointer-types]
  HAL_RTCEx_GetTimeStamp(&hrtc, &stampTime, &stampDate, RTC_FORMAT_BIN);
                         ^
In file included from ../Drivers/STM32F4xx_HAL_Driver/Inc/stm32f4xx_hal_rtc.h:634:0,
                 from ../Inc/stm32f4xx_hal_conf.h:349,
                 from ../Drivers/STM32F4xx_HAL_Driver/Inc/stm32f4xx_hal.h:46,
                 from ..\Src\main.c:41:
../Drivers/STM32F4xx_HAL_Driver/Inc/stm32f4xx_hal_rtc_ex.h:827:19: note: expected 'RTC_HandleTypeDef * {aka struct <anonymous> *}' but argument is of type 'RTC_HandleTypeDef ** {aka struct <anonymous> **}'
 HAL_StatusTypeDef HAL_RTCEx_GetTimeStamp(RTC_HandleTypeDef *hrtc, RTC_TimeTypeDef *sTimeStamp, RTC_DateTypeDef *sTimeStampDate, uint32_t Format);
                   ^~~~~~~~~~~~~~~~~~~~~~
arm-atollic-eabi-gcc -o STM32F4_HAL_RTC_TIMESTAMP.elf Drivers\STM32F4xx_HAL_Driver\Src\stm32f4xx_hal.o Drivers\STM32F4xx_HAL_Driver\Src\stm32f4xx_hal_cortex.o Drivers\STM32F4xx_HAL_Driver\Src\stm32f4xx_hal_dma.o Drivers\STM32F4xx_HAL_Driver\Src\stm32f4xx_hal_dma_ex.o Drivers\STM32F4xx_HAL_Driver\Src\stm32f4xx_hal_flash.o Drivers\STM32F4xx_HAL_Driver\Src\stm32f4xx_hal_flash_ex.o Drivers\STM32F4xx_HAL_Driver\Src\stm32f4xx_hal_flash_ramfunc.o Drivers\STM32F4xx_HAL_Driver\Src\stm32f4xx_hal_gpio.o Drivers\STM32F4xx_HAL_Driver\Src\stm32f4xx_hal_pwr.o Drivers\STM32F4xx_HAL_Driver\Src\stm32f4xx_hal_pwr_ex.o Drivers\STM32F4xx_HAL_Driver\Src\stm32f4xx_hal_rcc.o Drivers\STM32F4xx_HAL_Driver\Src\stm32f4xx_hal_rcc_ex.o Drivers\STM32F4xx_HAL_Driver\Src\stm32f4xx_hal_rtc.o Drivers\STM32F4xx_HAL_Driver\Src\stm32f4xx_hal_rtc_ex.o Drivers\STM32F4xx_HAL_Driver\Src\stm32f4xx_hal_tim.o Drivers\STM32F4xx_HAL_Driver\Src\stm32f4xx_hal_tim_ex.o Src\main.o Src\stm32f4xx_hal_msp.o Src\stm32f4xx_it.o Src\system_stm32f4xx.o startup\startup_stm32f407xx.o -mthumb -mcpu=cortex-m4 -mfloat-abi=hard -mfpu=fpv4-sp-d16 -T../STM32F407VG_FLASH.ld -specs=nosys.specs -static -Wl,-Map=STM32F4_HAL_RTC_TIMESTAMP.map -Wl,--gc-sections -Wl,--defsym=malloc_getpagesize_P=0x80 -Wl,--start-group -lc -lm -Wl,--end-group -specs=nano.specs 
C:\Program Files (x86)\Atollic\TrueSTUDIO for STM32 9.2.0\ide\jre\bin\java -jar C:\Program Files (x86)\Atollic\TrueSTUDIO for STM32 9.2.0\Tools\arm-atollic-reports.jar sizeinfo list STM32F4_HAL_RTC_TIMESTAMP.elf 
Generate build reports...
Print size information
   text	   data	    bss	    dec	    hex	filename
   8456	     20	   1648	  10124	   278c	STM32F4_HAL_RTC_TIMESTAMP.elf
Print size information done
Generate listing file
Output sent to: STM32F4_HAL_RTC_TIMESTAMP.list
Generate listing file done
Generate build reports done
arm-atollic-eabi-objcopy.exe -O ihex STM32F4_HAL_RTC_TIMESTAMP.elf STM32F4_HAL_RTC_TIMESTAMP.hex 
22:07:42 **** Incremental Build of configuration Debug for project STM32F4_HAL_RTC_TIMESTAMP ****
Info: Internal Builder is used for build
arm-atollic-eabi-gcc -c -mthumb -mcpu=cortex-m4 -mfloat-abi=hard -mfpu=fpv4-sp-d16 -std=gnu11 -D__weak=__attribute__((weak)) -D__packed=__attribute__((__packed__)) -DUSE_HAL_DRIVER -DSTM32F407xx -I../Inc -I../Drivers/STM32F4xx_HAL_Driver/Inc -I../Drivers/STM32F4xx_HAL_Driver/Inc/Legacy -I../Drivers/CMSIS/Device/ST/STM32F4xx/Include -I../Drivers/CMSIS/Include -O0 -ffunction-sections -fdata-sections -g -fstack-usage -Wall -specs=nano.specs -o Src\main.o ..\Src\main.c 
..\Src\main.c: In function 'HAL_RTCEx_TimeStampEventCallback':
..\Src\main.c:74:25: warning: passing argument 1 of 'HAL_RTCEx_GetTimeStamp' from incompatible pointer type [-Wincompatible-pointer-types]
  HAL_RTCEx_GetTimeStamp(&hrtc, &stampTime, &stampDate, RTC_FORMAT_BIN);
                         ^
In file included from ../Drivers/STM32F4xx_HAL_Driver/Inc/stm32f4xx_hal_rtc.h:634:0,
                 from ../Inc/stm32f4xx_hal_conf.h:349,
                 from ../Drivers/STM32F4xx_HAL_Driver/Inc/stm32f4xx_hal.h:46,
                 from ..\Src\main.c:41:
../Drivers/STM32F4xx_HAL_Driver/Inc/stm32f4xx_hal_rtc_ex.h:827:19: note: expected 'RTC_HandleTypeDef * {aka struct <anonymous> *}' but argument is of type 'RTC_HandleTypeDef ** {aka struct <anonymous> **}'
 HAL_StatusTypeDef HAL_RTCEx_GetTimeStamp(RTC_HandleTypeDef *hrtc, RTC_TimeTypeDef *sTimeStamp, RTC_DateTypeDef *sTimeStampDate, uint32_t Format);
                   ^~~~~~~~~~~~~~~~~~~~~~
arm-atollic-eabi-gcc -o STM32F4_HAL_RTC_TIMESTAMP.elf Drivers\STM32F4xx_HAL_Driver\Src\stm32f4xx_hal.o Drivers\STM32F4xx_HAL_Driver\Src\stm32f4xx_hal_cortex.o Drivers\STM32F4xx_HAL_Driver\Src\stm32f4xx_hal_dma.o Drivers\STM32F4xx_HAL_Driver\Src\stm32f4xx_hal_dma_ex.o Drivers\STM32F4xx_HAL_Driver\Src\stm32f4xx_hal_flash.o Drivers\STM32F4xx_HAL_Driver\Src\stm32f4xx_hal_flash_ex.o Drivers\STM32F4xx_HAL_Driver\Src\stm32f4xx_hal_flash_ramfunc.o Drivers\STM32F4xx_HAL_Driver\Src\stm32f4xx_hal_gpio.o Drivers\STM32F4xx_HAL_Driver\Src\stm32f4xx_hal_pwr.o Drivers\STM32F4xx_HAL_Driver\Src\stm32f4xx_hal_pwr_ex.o Drivers\STM32F4xx_HAL_Driver\Src\stm32f4xx_hal_rcc.o Drivers\STM32F4xx_HAL_Driver\Src\stm32f4xx_hal_rcc_ex.o Drivers\STM32F4xx_HAL_Driver\Src\stm32f4xx_hal_rtc.o Drivers\STM32F4xx_HAL_Driver\Src\stm32f4xx_hal_rtc_ex.o Drivers\STM32F4xx_HAL_Driver\Src\stm32f4xx_hal_tim.o Drivers\STM32F4xx_HAL_Driver\Src\stm32f4xx_hal_tim_ex.o Src\main.o Src\stm32f4xx_hal_msp.o Src\stm32f4xx_it.o Src\system_stm32f4xx.o startup\startup_stm32f407xx.o -mthumb -mcpu=cortex-m4 -mfloat-abi=hard -mfpu=fpv4-sp-d16 -T../STM32F407VG_FLASH.ld -specs=nosys.specs -static -Wl,-Map=STM32F4_HAL_RTC_TIMESTAMP.map -Wl,--gc-sections -Wl,--defsym=malloc_getpagesize_P=0x80 -Wl,--start-group -lc -lm -Wl,--end-group -specs=nano.specs 
C:\Program Files (x86)\Atollic\TrueSTUDIO for STM32 9.2.0\ide\jre\bin\java -jar C:\Program Files (x86)\Atollic\TrueSTUDIO for STM32 9.2.0\Tools\arm-atollic-reports.jar sizeinfo list STM32F4_HAL_RTC_TIMESTAMP.elf 
Generate build reports...
Print size information
   text	   data	    bss	    dec	    hex	filename
   8460	     20	   1648	  10128	   2790	STM32F4_HAL_RTC_TIMESTAMP.elf
Print size information done
Generate listing file
Output sent to: STM32F4_HAL_RTC_TIMESTAMP.list
Generate listing file done
Generate build reports done
arm-atollic-eabi-objcopy.exe -O ihex STM32F4_HAL_RTC_TIMESTAMP.elf STM32F4_HAL_RTC_TIMESTAMP.hex 
22:08:34 **** Incremental Build of configuration Debug for project STM32F4_HAL_RTC_TIMESTAMP ****
Info: Internal Builder is used for build
arm-atollic-eabi-gcc -c -mthumb -mcpu=cortex-m4 -mfloat-abi=hard -mfpu=fpv4-sp-d16 -std=gnu11 -D__weak=__attribute__((weak)) -D__packed=__attribute__((__packed__)) -DUSE_HAL_DRIVER -DSTM32F407xx -I../Inc -I../Drivers/STM32F4xx_HAL_Driver/Inc -I../Drivers/STM32F4xx_HAL_Driver/Inc/Legacy -I../Drivers/CMSIS/Device/ST/STM32F4xx/Include -I../Drivers/CMSIS/Include -O0 -ffunction-sections -fdata-sections -g -fstack-usage -Wall -specs=nano.specs -o Src\main.o ..\Src\main.c 
..\Src\main.c: In function 'HAL_RTCEx_TimeStampEventCallback':
..\Src\main.c:74:25: warning: passing argument 1 of 'HAL_RTCEx_GetTimeStamp' from incompatible pointer type [-Wincompatible-pointer-types]
  HAL_RTCEx_GetTimeStamp(&hrtc, &stampTime, &stampDate, RTC_FORMAT_BCD);
                         ^
In file included from ../Drivers/STM32F4xx_HAL_Driver/Inc/stm32f4xx_hal_rtc.h:634:0,
                 from ../Inc/stm32f4xx_hal_conf.h:349,
                 from ../Drivers/STM32F4xx_HAL_Driver/Inc/stm32f4xx_hal.h:46,
                 from ..\Src\main.c:41:
../Drivers/STM32F4xx_HAL_Driver/Inc/stm32f4xx_hal_rtc_ex.h:827:19: note: expected 'RTC_HandleTypeDef * {aka struct <anonymous> *}' but argument is of type 'RTC_HandleTypeDef ** {aka struct <anonymous> **}'
 HAL_StatusTypeDef HAL_RTCEx_GetTimeStamp(RTC_HandleTypeDef *hrtc, RTC_TimeTypeDef *sTimeStamp, RTC_DateTypeDef *sTimeStampDate, uint32_t Format);
                   ^~~~~~~~~~~~~~~~~~~~~~
arm-atollic-eabi-gcc -o STM32F4_HAL_RTC_TIMESTAMP.elf Drivers\STM32F4xx_HAL_Driver\Src\stm32f4xx_hal.o Drivers\STM32F4xx_HAL_Driver\Src\stm32f4xx_hal_cortex.o Drivers\STM32F4xx_HAL_Driver\Src\stm32f4xx_hal_dma.o Drivers\STM32F4xx_HAL_Driver\Src\stm32f4xx_hal_dma_ex.o Drivers\STM32F4xx_HAL_Driver\Src\stm32f4xx_hal_flash.o Drivers\STM32F4xx_HAL_Driver\Src\stm32f4xx_hal_flash_ex.o Drivers\STM32F4xx_HAL_Driver\Src\stm32f4xx_hal_flash_ramfunc.o Drivers\STM32F4xx_HAL_Driver\Src\stm32f4xx_hal_gpio.o Drivers\STM32F4xx_HAL_Driver\Src\stm32f4xx_hal_pwr.o Drivers\STM32F4xx_HAL_Driver\Src\stm32f4xx_hal_pwr_ex.o Drivers\STM32F4xx_HAL_Driver\Src\stm32f4xx_hal_rcc.o Drivers\STM32F4xx_HAL_Driver\Src\stm32f4xx_hal_rcc_ex.o Drivers\STM32F4xx_HAL_Driver\Src\stm32f4xx_hal_rtc.o Drivers\STM32F4xx_HAL_Driver\Src\stm32f4xx_hal_rtc_ex.o Drivers\STM32F4xx_HAL_Driver\Src\stm32f4xx_hal_tim.o Drivers\STM32F4xx_HAL_Driver\Src\stm32f4xx_hal_tim_ex.o Src\main.o Src\stm32f4xx_hal_msp.o Src\stm32f4xx_it.o Src\system_stm32f4xx.o startup\startup_stm32f407xx.o -mthumb -mcpu=cortex-m4 -mfloat-abi=hard -mfpu=fpv4-sp-d16 -T../STM32F407VG_FLASH.ld -specs=nosys.specs -static -Wl,-Map=STM32F4_HAL_RTC_TIMESTAMP.map -Wl,--gc-sections -Wl,--defsym=malloc_getpagesize_P=0x80 -Wl,--start-group -lc -lm -Wl,--end-group -specs=nano.specs 
C:\Program Files (x86)\Atollic\TrueSTUDIO for STM32 9.2.0\ide\jre\bin\java -jar C:\Program Files (x86)\Atollic\TrueSTUDIO for STM32 9.2.0\Tools\arm-atollic-reports.jar sizeinfo list STM32F4_HAL_RTC_TIMESTAMP.elf 
Generate build reports...
Print size information
   text	   data	    bss	    dec	    hex	filename
   8460	     20	   1648	  10128	   2790	STM32F4_HAL_RTC_TIMESTAMP.elf
Print size information done
Generate listing file
Output sent to: STM32F4_HAL_RTC_TIMESTAMP.list
Generate listing file done
Generate build reports done
arm-atollic-eabi-objcopy.exe -O ihex STM32F4_HAL_RTC_TIMESTAMP.elf STM32F4_HAL_RTC_TIMESTAMP.hex 
22:09:25 **** Incremental Build of configuration Debug for project STM32F4_HAL_RTC_TIMESTAMP ****
Info: Internal Builder is used for build
arm-atollic-eabi-gcc -c -mthumb -mcpu=cortex-m4 -mfloat-abi=hard -mfpu=fpv4-sp-d16 -std=gnu11 -D__weak=__attribute__((weak)) -D__packed=__attribute__((__packed__)) -DUSE_HAL_DRIVER -DSTM32F407xx -I../Inc -I../Drivers/STM32F4xx_HAL_Driver/Inc -I../Drivers/STM32F4xx_HAL_Driver/Inc/Legacy -I../Drivers/CMSIS/Device/ST/STM32F4xx/Include -I../Drivers/CMSIS/Include -O0 -ffunction-sections -fdata-sections -g -fstack-usage -Wall -specs=nano.specs -o Src\main.o ..\Src\main.c 
arm-atollic-eabi-gcc -o STM32F4_HAL_RTC_TIMESTAMP.elf Drivers\STM32F4xx_HAL_Driver\Src\stm32f4xx_hal.o Drivers\STM32F4xx_HAL_Driver\Src\stm32f4xx_hal_cortex.o Drivers\STM32F4xx_HAL_Driver\Src\stm32f4xx_hal_dma.o Drivers\STM32F4xx_HAL_Driver\Src\stm32f4xx_hal_dma_ex.o Drivers\STM32F4xx_HAL_Driver\Src\stm32f4xx_hal_flash.o Drivers\STM32F4xx_HAL_Driver\Src\stm32f4xx_hal_flash_ex.o Drivers\STM32F4xx_HAL_Driver\Src\stm32f4xx_hal_flash_ramfunc.o Drivers\STM32F4xx_HAL_Driver\Src\stm32f4xx_hal_gpio.o Drivers\STM32F4xx_HAL_Driver\Src\stm32f4xx_hal_pwr.o Drivers\STM32F4xx_HAL_Driver\Src\stm32f4xx_hal_pwr_ex.o Drivers\STM32F4xx_HAL_Driver\Src\stm32f4xx_hal_rcc.o Drivers\STM32F4xx_HAL_Driver\Src\stm32f4xx_hal_rcc_ex.o Drivers\STM32F4xx_HAL_Driver\Src\stm32f4xx_hal_rtc.o Drivers\STM32F4xx_HAL_Driver\Src\stm32f4xx_hal_rtc_ex.o Drivers\STM32F4xx_HAL_Driver\Src\stm32f4xx_hal_tim.o Drivers\STM32F4xx_HAL_Driver\Src\stm32f4xx_hal_tim_ex.o Src\main.o Src\stm32f4xx_hal_msp.o Src\stm32f4xx_it.o Src\system_stm32f4xx.o startup\startup_stm32f407xx.o -mthumb -mcpu=cortex-m4 -mfloat-abi=hard -mfpu=fpv4-sp-d16 -T../STM32F407VG_FLASH.ld -specs=nosys.specs -static -Wl,-Map=STM32F4_HAL_RTC_TIMESTAMP.map -Wl,--gc-sections -Wl,--defsym=malloc_getpagesize_P=0x80 -Wl,--start-group -lc -lm -Wl,--end-group -specs=nano.specs 
C:\Program Files (x86)\Atollic\TrueSTUDIO for STM32 9.2.0\ide\jre\bin\java -jar C:\Program Files (x86)\Atollic\TrueSTUDIO for STM32 9.2.0\Tools\arm-atollic-reports.jar sizeinfo list STM32F4_HAL_RTC_TIMESTAMP.elf 
Generate build reports...
Print size information
   text	   data	    bss	    dec	    hex	filename
   8460	     20	   1648	  10128	   2790	STM32F4_HAL_RTC_TIMESTAMP.elf
Print size information done
Generate listing file
Output sent to: STM32F4_HAL_RTC_TIMESTAMP.list
Generate listing file done
Generate build reports done
arm-atollic-eabi-objcopy.exe -O ihex STM32F4_HAL_RTC_TIMESTAMP.elf STM32F4_HAL_RTC_TIMESTAMP.hex 
Info: Nothing to build for STM32F4_HAL_RTC_TIMESTAMP
